0 0 _ _ 0 _ _ _ _ _ _ _ _ _ 0 _ 0 _ _ _ 0 
_ _ 0 _ _ _ _ 0 _ _ _ _ _ _ _ 0 _ _ _ _ _ 
_ _ _ _ _ _ 0 _ 0 _ _ _ _ _ _ _ _ _ _ 0 _ 
_ _ _ _ _ _ _ _ _ _ _ 0 _ _ _ _ _ _ _ _ 0 
_ _ _ _ _ _ _ _ _ 0 _ _ _ _ _ _ _ _ _ _ _ 
_ _ _ _ _ 0 _ _ _ _ 0 _ _ _ _ _ _ _ _ _ _ 
_ _ _ _ _ _ _ 0 _ _ _ _ _ _ _ _ _ _ _ _ 0 
0 _ _ 0 _ _ _ _ _ _ _ _ _ _ _ _ _ _ _ _ _ 
_ _ _ _ _ _ _ _ _ _ _ _ _ _ _ _ _ _ _ _ _ 
_ 0 _ _ _ _ _ _ 0 _ _ _ _ _ _ _ _ _ _ _ _ 
0 _ _ _ _ _ 0 _ 0 _ _ _ _ _ 0 _ _ _ _ _ _ 
_ _ _ _ 0 _ _ _ _ _ _ 0 _ _ 0 _ _ _ _ _ _ 
_ _ _ _ _ _ _ _ _ _ _ _ _ _ 0 _ _ 0 _ 0 _ 
_ 0 _ _ _ _ _ _ _ _ _ _ 0 _ _ _ _ _ _ 0 _ 
_ _ 0 _ 0 _ _ _ _ _ _ _ 0 _ 0 _ _ _ _ _ _ 
_ _ _ _ _ _ _ _ _ _ _ _ 0 _ _ _ _ _ _ _ _ 
_ _ _ _ _ _ _ _ _ 0 _ _ _ _ _ _ _ _ _ _ _ 
_ _ _ _ _ _ _ _ _ _ _ _ _ _ _ _ _ _ _ 0 _ 
0 0 _ _ _ _ _ 0 _ _ _ _ _ _ _ _ _ _ _ _ _ 
_ _ _ _ _ _ _ _ _ _ _ _ _ _ _ _ _ _ _ _ _ 
_ _ _ _ _ _ _ _ _ _ 0 0 _ _ _ _ 0 _ _ _ 0 
Живых микробов: 0
Поколение: 19


 11


1 _ _ 1 _ _ _ _ _ _ _ 1 1 _ _ 1 _ _ _ _ _ 
_ _ _ _ _ _ _ _ _ _ _ 1 _ _ _ _ _ _ 1 1 _ 
_ _ _ _ 1 1 _ 1 _ 1 _ 1 _ 1 _ _ _ 1 _ _ _ 
_ _ 1 _ 1 _ _ 1 _ _ _ _ 1 _ _ _ 1 _ _ _ _ 
_ _ _ _ _ 1 _ 1 _ 1 _ 1 _ _ _ _ _ _ _ 1 1 
1 _ _ _ _ _ 1 _ _ _ 1 _ _ _ _ _ 1 _ _ _ _ 
1 _ _ _ _ 1 _ _ _ _ _ _ 1 _ _ _ _ _ _ _ _ 
_ _ _ 1 _ _ _ 1 _ 1 _ _ _ _ _ _ _ 1 1 _ _ 
_ 1 1 _ _ _ _ _ 1 _ _ 1 _ _ _ _ _ _ _ _ 1 
_ _ _ _ _ _ _ _ _ _ _ _ _ _ _ _ _ _ _ _ _ 
1 _ _ 1 _ _ 1 _ _ _ 1 _ _ _ _ _ 1 _ _ _ _ 
_ _ 1 _ _ _ _ 1 1 1 1 1 _ _ _ _ _ _ _ _ 1 
_ 1 _ _ _ _ 1 _ 1 _ _ 1 1 1 1 _ _ 1 1 _ 1 
_ _ _ _ 1 1 _ _ 1 _ _ _ _ 1 1 _ _ _ _ _ _ 
_ _ _ _ 1 _ _ 1 _ 1 _ 1 _ _ 1 _ _ _ 1 _ _ 
_ _ _ 1 1 _ _ _ 1 _ _ _ _ 1 _ _ _ _ _ _ _ 
_ _ _ _ 1 _ _ _ _ _ _ _ _ 1 _ _ _ 1 1 _ 1 
_ 1 _ _ _ _ _ _ _ _ _ _ _ _ _ _ _ _ _ 1 _ 
_ 1 1 _ 1 _ 1 _ _ _ _ _ _ _ _ _ _ 1 _ 1 _ 
_ _ 1 _ _ _ _ _ _ _ _ _ 1 _ 1 _ _ _ _ 1 _ 
_ 1 _ _ 1 _ _ _ _ 1 _ _ _ _ 1 _ 1 _ _ _ 1 
Живых микробов: 103
Поколение: 1

0 _ _ 0 _ _ _ _ _ _ _ 2 2 _ _ 0 _ _ _ _ _ 
_ _ _ _ _ _ _ _ _ _ _ 2 _ _ _ _ _ _ 2 0 _ 
_ _ _ _ 2 2 _ 0 _ 0 _ 2 _ 0 _ _ _ 2 _ _ _ 
_ _ 0 _ 2 _ _ 2 _ _ _ _ 2 _ _ _ 0 _ _ _ _ 
_ _ _ _ _ 2 _ 2 _ 0 _ 2 _ _ _ _ _ _ _ 0 0 
0 _ _ _ _ _ 2 _ _ _ 2 _ _ _ _ _ 0 _ _ _ _ 
0 _ _ _ _ 0 _ _ _ _ _ _ 0 _ _ _ _ _ _ _ _ 
_ _ _ 0 _ _ _ 0 _ 0 _ _ _ _ _ _ _ 0 0 _ _ 
_ 0 2 _ _ _ _ _ 2 _ _ 0 _ _ _ _ _ _ _ _ 0 
_ _ _ _ _ _ _ _ _ _ _ _ _ _ _ _ _ _ _ _ _ 
0 _ _ 0 _ _ 0 _ _ _ 2 _ _ _ _ _ 0 _ _ _ _ 
_ _ 2 _ _ _ _ 2 2 2 2 2 _ _ _ _ _ _ _ _ 0 
_ 0 _ _ _ _ 2 _ 2 _ _ 2 2 2 2 _ _ 0 0 _ 0 
_ _ _ _ 2 2 _ _ 2 _ _ _ _ 2 2 _ _ _ _ _ _ 
_ _ _ _ 2 _ _ 2 _ 2 _ 0 _ _ 2 _ _ _ 0 _ _ 
_ _ _ 2 2 _ _ _ 2 _ _ _ _ 2 _ _ _ _ _ _ _ 
_ _ _ _ 2 _ _ _ _ _ _ _ _ 0 _ _ _ 0 2 _ 0 
_ 2 _ _ _ _ _ _ _ _ _ _ _ _ _ _ _ _ _ 2 _ 
_ 2 2 _ 0 _ 0 _ _ _ _ _ _ _ _ _ _ 0 _ 2 _ 
_ _ 2 _ _ _ _ _ _ _ _ _ 0 _ 0 _ _ _ _ 2 _ 
_ 0 _ _ 0 _ _ _ _ 0 _ _ _ _ 0 _ 0 _ _ _ 0 
Живых микробов: 53
Поколение: 1

0 _ _ 0 _ _ _ _ _ _ _ 3 3 _ _ 0 _ _ _ _ _ 
_ _ _ _ _ _ _ _ _ _ _ 3 _ _ _ _ _ _ 0 0 _ 
_ _ _ _ 3 3 _ 0 _ 0 _ 3 _ 0 _ _ _ 0 _ _ _ 
_ _ 0 _ 3 _ _ 0 _ _ _ _ 3 _ _ _ 0 _ _ _ _ 
_ _ _ _ _ 3 _ 3 _ 0 _ 3 _ _ _ _ _ _ _ 0 0 
0 _ _ _ _ _ 3 _ _ _ 0 _ _ _ _ _ 0 _ _ _ _ 
0 _ _ _ _ 0 _ _ _ _ _ _ 0 _ _ _ _ _ _ _ _ 
_ _ _ 0 _ _ _ 0 _ 0 _ _ _ _ _ _ _ 0 0 _ _ 
_ 0 0 _ _ _ _ _ 0 _ _ 0 _ _ _ _ _ _ _ _ 0 
_ _ _ _ _ _ _ _ _ _ _ _ _ _ _ _ _ _ _ _ _ 
0 _ _ 0 _ _ 0 _ _ _ 3 _ _ _ _ _ 0 _ _ _ _ 
_ _ 0 _ _ _ _ 3 3 3 3 3 _ _ _ _ _ _ _ _ 0 
_ 0 _ _ _ _ 3 _ 3 _ _ 3 3 3 3 _ _ 0 0 _ 0 
_ _ _ _ 3 3 _ _ 3 _ _ _ _ 3 3 _ _ _ _ _ _ 
_ _ _ _ 3 _ _ 3 _ 3 _ 0 _ _ 3 _ _ _ 0 _ _ 
_ _ _ 3 3 _ _ _ 3 _ _ _ _ 0 _ _ _ _ _ _ _ 
_ _ _ _ 3 _ _ _ _ _ _ _ _ 0 _ _ _ 0 0 _ 0 
_ 3 _ _ _ _ _ _ _ _ _ _ _ _ _ _ _ _ _ 3 _ 
_ 3 3 _ 0 _ 0 _ _ _ _ _ _ _ _ _ _ 0 _ 3 _ 
_ _ 3 _ _ _ _ _ _ _ _ _ 0 _ 0 _ _ _ _ 0 _ 
_ 0 _ _ 0 _ _ _ _ 0 _ _ _ _ 0 _ 0 _ _ _ 0 
Живых микробов: 43
Поколение: 2

1 _ _ 1 _ _ _ _ _ _ _ 3 3 _ _ 1 _ _ _ _ _ 
_ _ _ _ _ _ _ _ _ _ _ 3 _ _ _ _ _ _ 0 1 _ 
_ _ _ _ 3 3 _ 1 _ 1 _ 3 _ 1 _ _ _ 0 _ _ _ 
_ _ 1 _ 3 _ _ 0 _ _ _ _ 3 _ _ _ 1 _ _ _ _ 
_ _ _ _ _ 3 _ 3 _ 1 _ 3 _ _ _ _ _ _ _ 1 1 
1 _ _ _ _ _ 3 _ _ _ 0 _ _ _ _ _ 1 _ _ _ _ 
1 _ _ _ _ 1 _ _ _ _ _ _ 1 _ _ _ _ _ _ _ _ 
_ _ _ 1 _ _ _ 1 _ 1 _ _ _ _ _ _ _ 1 1 _ _ 
_ 1 0 _ _ _ _ _ 0 _ _ 1 _ _ _ _ _ _ _ _ 1 
_ _ _ _ _ _ _ _ _ _ _ _ _ _ _ _ _ _ _ _ _ 
1 _ _ 1 _ _ 1 _ _ _ 3 _ _ _ _ _ 1 _ _ _ _ 
_ _ 0 _ _ _ _ 3 3 3 3 3 _ _ _ _ _ _ _ _ 1 
_ 1 _ _ _ _ 3 _ 3 _ _ 3 3 3 3 _ _ 1 1 _ 1 
_ _ _ _ 3 3 _ _ 3 _ _ _ _ 3 3 _ _ _ _ _ _ 
_ _ _ _ 3 _ _ 3 _ 3 _ 1 _ _ 3 _ _ _ 1 _ _ 
_ _ _ 3 3 _ _ _ 3 _ _ _ _ 0 _ _ _ _ _ _ _ 
_ _ _ _ 3 _ _ _ _ _ _ _ _ 1 _ _ _ 1 0 _ 1 
_ 3 _ _ _ _ _ _ _ _ _ _ _ _ _ _ _ _ _ 3 _ 
_ 3 3 _ 1 _ 1 _ _ _ _ _ _ _ _ _ _ 1 _ 3 _ 
_ _ 3 _ _ _ _ _ _ _ _ _ 1 _ 1 _ _ _ _ 0 _ 
_ 1 _ _ 1 _ _ _ _ 1 _ _ _ _ 1 _ 1 _ _ _ 1 
Живых микробов: 93
Поколение: 2

0 _ _ 0 _ _ _ _ _ _ _ 4 4 _ _ 0 _ _ _ _ _ 
_ _ _ _ _ _ _ _ _ _ _ 4 _ _ _ _ _ _ 0 0 _ 
_ _ _ _ 4 4 _ 0 _ 0 _ 4 _ 0 _ _ _ 0 _ _ _ 
_ _ 0 _ 4 _ _ 0 _ _ _ _ 4 _ _ _ 0 _ _ _ _ 
_ _ _ _ _ 4 _ 0 _ 0 _ 0 _ _ _ _ _ _ _ 0 0 
0 _ _ _ _ _ 4 _ _ _ 0 _ _ _ _ _ 0 _ _ _ _ 
0 _ _ _ _ 0 _ _ _ _ _ _ 0 _ _ _ _ _ _ _ _ 
_ _ _ 0 _ _ _ 0 _ 0 _ _ _ _ _ _ _ 0 0 _ _ 
_ 0 0 _ _ _ _ _ 0 _ _ 0 _ _ _ _ _ _ _ _ 0 
_ _ _ _ _ _ _ _ _ _ _ _ _ _ _ _ _ _ _ _ _ 
0 _ _ 0 _ _ 0 _ _ _ 4 _ _ _ _ _ 0 _ _ _ _ 
_ _ 0 _ _ _ _ 4 4 4 4 4 _ _ _ _ _ _ _ _ 0 
_ 0 _ _ _ _ 4 _ 4 _ _ 4 4 4 4 _ _ 0 0 _ 0 
_ _ _ _ 4 4 _ _ 4 _ _ _ _ 4 4 _ _ _ _ _ _ 
_ _ _ _ 4 _ _ 4 _ 4 _ 0 _ _ 4 _ _ _ 0 _ _ 
_ _ _ 4 4 _ _ _ 4 _ _ _ _ 0 _ _ _ _ _ _ _ 
_ _ _ _ 4 _ _ _ _ _ _ _ _ 0 _ _ _ 0 0 _ 0 
_ 4 _ _ _ _ _ _ _ _ _ _ _ _ _ _ _ _ _ 4 _ 
_ 4 4 _ 0 _ 0 _ _ _ _ _ _ _ _ _ _ 0 _ 0 _ 
_ _ 4 _ _ _ _ _ _ _ _ _ 0 _ 0 _ _ _ _ 0 _ 
_ 0 _ _ 0 _ _ _ _ 0 _ _ _ _ 0 _ 0 _ _ _ 0 
Живых микробов: 40
Поколение: 3

0 _ _ 0 _ _ _ _ _ _ _ 5 5 _ _ 0 _ _ _ _ _ 
_ _ _ _ _ _ _ _ _ _ _ 5 _ _ _ _ _ _ 0 0 _ 
_ _ _ _ 5 5 _ 0 _ 0 _ 5 _ 0 _ _ _ 0 _ _ _ 
_ _ 0 _ 5 _ _ 0 _ _ _ _ 0 _ _ _ 0 _ _ _ _ 
_ _ _ _ _ 5 _ 0 _ 0 _ 0 _ _ _ _ _ _ _ 0 0 
0 _ _ _ _ _ 0 _ _ _ 0 _ _ _ _ _ 0 _ _ _ _ 
0 _ _ _ _ 0 _ _ _ _ _ _ 0 _ _ _ _ _ _ _ _ 
_ _ _ 0 _ _ _ 0 _ 0 _ _ _ _ _ _ _ 0 0 _ _ 
_ 0 0 _ _ _ _ _ 0 _ _ 0 _ _ _ _ _ _ _ _ 0 
_ _ _ _ _ _ _ _ _ _ _ _ _ _ _ _ _ _ _ _ _ 
0 _ _ 0 _ _ 0 _ _ _ 5 _ _ _ _ _ 0 _ _ _ _ 
_ _ 0 _ _ _ _ 5 5 5 5 5 _ _ _ _ _ _ _ _ 0 
_ 0 _ _ _ _ 5 _ 5 _ _ 5 5 5 5 _ _ 0 0 _ 0 
_ _ _ _ 5 5 _ _ 5 _ _ _ _ 5 5 _ _ _ _ _ _ 
_ _ _ _ 5 _ _ 5 _ 5 _ 0 _ _ 5 _ _ _ 0 _ _ 
_ _ _ 5 5 _ _ _ 5 _ _ _ _ 0 _ _ _ _ _ _ _ 
_ _ _ _ 5 _ _ _ _ _ _ _ _ 0 _ _ _ 0 0 _ 0 
_ 5 _ _ _ _ _ _ _ _ _ _ _ _ _ _ _ _ _ 0 _ 
_ 5 5 _ 0 _ 0 _ _ _ _ _ _ _ _ _ _ 0 _ 0 _ 
_ _ 5 _ _ _ _ _ _ _ _ _ 0 _ 0 _ _ _ _ 0 _ 
_ 0 _ _ 0 _ _ _ _ 0 _ _ _ _ 0 _ 0 _ _ _ 0 
Живых микробов: 37
Поколение: 4

1 _ _ 1 _ _ _ _ _ _ _ 5 5 _ _ 1 _ _ _ _ _ 
_ _ _ _ _ _ _ _ _ _ _ 5 _ _ _ _ _ _ 1 1 _ 
_ _ _ _ 5 5 _ 1 _ 1 _ 5 _ 1 _ _ _ 1 _ _ _ 
_ _ 1 _ 5 _ _ 1 _ _ _ _ 0 _ _ _ 1 _ _ _ _ 
_ _ _ _ _ 5 _ 1 _ 1 _ 1 _ _ _ _ _ _ _ 1 1 
1 _ _ _ _ _ 0 _ _ _ 1 _ _ _ _ _ 1 _ _ _ _ 
1 _ _ _ _ 1 _ _ _ _ _ _ 1 _ _ _ _ _ _ _ _ 
_ _ _ 1 _ _ _ 1 _ 1 _ _ _ _ _ _ _ 1 1 _ _ 
_ 1 1 _ _ _ _ _ 1 _ _ 1 _ _ _ _ _ _ _ _ 1 
_ _ _ _ _ _ _ _ _ _ _ _ _ _ _ _ _ _ _ _ _ 
1 _ _ 1 _ _ 1 _ _ _ 5 _ _ _ _ _ 1 _ _ _ _ 
_ _ 1 _ _ _ _ 5 5 5 5 5 _ _ _ _ _ _ _ _ 1 
_ 1 _ _ _ _ 5 _ 5 _ _ 5 5 5 5 _ _ 1 1 _ 1 
_ _ _ _ 5 5 _ _ 5 _ _ _ _ 5 5 _ _ _ _ _ _ 
_ _ _ _ 5 _ _ 5 _ 5 _ 1 _ _ 5 _ _ _ 1 _ _ 
_ _ _ 5 5 _ _ _ 5 _ _ _ _ 1 _ _ _ _ _ _ _ 
_ _ _ _ 5 _ _ _ _ _ _ _ _ 1 _ _ _ 1 1 _ 1 
_ 5 _ _ _ _ _ _ _ _ _ _ _ _ _ _ _ _ _ 0 _ 
_ 5 5 _ 1 _ 1 _ _ _ _ _ _ _ _ _ _ 1 _ 1 _ 
_ _ 5 _ _ _ _ _ _ _ _ _ 1 _ 1 _ _ _ _ 1 _ 
_ 1 _ _ 1 _ _ _ _ 1 _ _ _ _ 1 _ 1 _ _ _ 1 
Живых микробов: 100
Поколение: 4

0 _ _ 0 _ _ _ _ _ _ _ 6 6 _ _ 0 _ _ _ _ _ 
_ _ _ _ _ _ _ _ _ _ _ 6 _ _ _ _ _ _ 2 0 _ 
_ _ _ _ 6 6 _ 0 _ 0 _ 0 _ 0 _ _ _ 2 _ _ _ 
_ _ 0 _ 6 _ _ 2 _ _ _ _ 0 _ _ _ 0 _ _ _ _ 
_ _ _ _ _ 0 _ 0 _ 0 _ 0 _ _ _ _ _ _ _ 0 0 
0 _ _ _ _ _ 0 _ _ _ 2 _ _ _ _ _ 0 _ _ _ _ 
0 _ _ _ _ 0 _ _ _ _ _ _ 0 _ _ _ _ _ _ _ _ 
_ _ _ 0 _ _ _ 0 _ 0 _ _ _ _ _ _ _ 0 0 _ _ 
_ 0 2 _ _ _ _ _ 2 _ _ 0 _ _ _ _ _ _ _ _ 0 
_ _ _ _ _ _ _ _ _ _ _ _ _ _ _ _ _ _ _ _ _ 
0 _ _ 0 _ _ 0 _ _ _ 6 _ _ _ _ _ 0 _ _ _ _ 
_ _ 2 _ _ _ _ 6 6 6 6 6 _ _ _ _ _ _ _ _ 0 
_ 0 _ _ _ _ 6 _ 6 _ _ 6 6 6 6 _ _ 0 0 _ 0 
_ _ _ _ 6 6 _ _ 6 _ _ _ _ 6 6 _ _ _ _ _ _ 
_ _ _ _ 6 _ _ 6 _ 6 _ 0 _ _ 6 _ _ _ 0 _ _ 
_ _ _ 6 6 _ _ _ 6 _ _ _ _ 2 _ _ _ _ _ _ _ 
_ _ _ _ 6 _ _ _ _ _ _ _ _ 0 _ _ _ 0 0 _ 0 
_ 6 _ _ _ _ _ _ _ _ _ _ _ _ _ _ _ _ _ 0 _ 
_ 6 6 _ 0 _ 0 _ _ _ _ _ _ _ _ _ _ 0 _ 0 _ 
_ _ 6 _ _ _ _ _ _ _ _ _ 0 _ 0 _ _ _ _ 2 _ 
_ 0 _ _ 0 _ _ _ _ 0 _ _ _ _ 0 _ 0 _ _ _ 0 
Живых микробов: 44
Поколение: 5

0 _ _ 0 _ _ _ _ _ _ _ 7 7 _ _ 0 _ _ _ _ _ 
_ _ _ _ _ _ _ _ _ _ _ 7 _ _ _ _ _ _ 0 0 _ 
_ _ _ _ 7 7 _ 0 _ 0 _ 0 _ 0 _ _ _ 0 _ _ _ 
_ _ 0 _ 7 _ _ 0 _ _ _ _ 0 _ _ _ 0 _ _ _ _ 
_ _ _ _ _ 0 _ 0 _ 0 _ 0 _ _ _ _ _ _ _ 0 0 
0 _ _ _ _ _ 0 _ _ _ 0 _ _ _ _ _ 0 _ _ _ _ 
0 _ _ _ _ 0 _ _ _ _ _ _ 0 _ _ _ _ _ _ _ _ 
_ _ _ 0 _ _ _ 0 _ 0 _ _ _ _ _ _ _ 0 0 _ _ 
_ 0 0 _ _ _ _ _ 0 _ _ 0 _ _ _ _ _ _ _ _ 0 
_ _ _ _ _ _ _ _ _ _ _ _ _ _ _ _ _ _ _ _ _ 
0 _ _ 0 _ _ 0 _ _ _ 7 _ _ _ _ _ 0 _ _ _ _ 
_ _ 0 _ _ _ _ 7 7 7 7 7 _ _ _ _ _ _ _ _ 0 
_ 0 _ _ _ _ 7 _ 7 _ _ 7 7 7 7 _ _ 0 0 _ 0 
_ _ _ _ 7 7 _ _ 7 _ _ _ _ 7 7 _ _ _ _ _ _ 
_ _ _ _ 7 _ _ 7 _ 7 _ 0 _ _ 7 _ _ _ 0 _ _ 
_ _ _ 7 7 _ _ _ 7 _ _ _ _ 0 _ _ _ _ _ _ _ 
_ _ _ _ 7 _ _ _ _ _ _ _ _ 0 _ _ _ 0 0 _ 0 
_ 7 _ _ _ _ _ _ _ _ _ _ _ _ _ _ _ _ _ 0 _ 
_ 7 7 _ 0 _ 0 _ _ _ _ _ _ _ _ _ _ 0 _ 0 _ 
_ _ 7 _ _ _ _ _ _ _ _ _ 0 _ 0 _ _ _ _ 0 _ 
_ 0 _ _ 0 _ _ _ _ 0 _ _ _ _ 0 _ 0 _ _ _ 0 
Живых микробов: 35
Поколение: 6

1 _ _ 1 _ _ _ _ _ _ _ 7 7 _ _ 1 _ _ _ _ _ 
_ _ _ _ _ _ _ _ _ _ _ 7 _ _ _ _ _ _ 0 1 _ 
_ _ _ _ 7 7 _ 1 _ 1 _ 1 _ 1 _ _ _ 0 _ _ _ 
_ _ 1 _ 7 _ _ 0 _ _ _ _ 1 _ _ _ 1 _ _ _ _ 
_ _ _ _ _ 1 _ 1 _ 1 _ 1 _ _ _ _ _ _ _ 1 1 
1 _ _ _ _ _ 1 _ _ _ 0 _ _ _ _ _ 1 _ _ _ _ 
1 _ _ _ _ 1 _ _ _ _ _ _ 1 _ _ _ _ _ _ _ _ 
_ _ _ 1 _ _ _ 1 _ 1 _ _ _ _ _ _ _ 1 1 _ _ 
_ 1 0 _ _ _ _ _ 0 _ _ 1 _ _ _ _ _ _ _ _ 1 
_ _ _ _ _ _ _ _ _ _ _ _ _ _ _ _ _ _ _ _ _ 
1 _ _ 1 _ _ 1 _ _ _ 7 _ _ _ _ _ 1 _ _ _ _ 
_ _ 0 _ _ _ _ 7 7 7 7 7 _ _ _ _ _ _ _ _ 1 
_ 1 _ _ _ _ 7 _ 7 _ _ 7 7 7 7 _ _ 1 1 _ 1 
_ _ _ _ 7 7 _ _ 7 _ _ _ _ 7 7 _ _ _ _ _ _ 
_ _ _ _ 7 _ _ 7 _ 7 _ 1 _ _ 7 _ _ _ 1 _ _ 
_ _ _ 7 7 _ _ _ 7 _ _ _ _ 0 _ _ _ _ _ _ _ 
_ _ _ _ 7 _ _ _ _ _ _ _ _ 1 _ _ _ 1 1 _ 1 
_ 7 _ _ _ _ _ _ _ _ _ _ _ _ _ _ _ _ _ 1 _ 
_ 7 7 _ 1 _ 1 _ _ _ _ _ _ _ _ _ _ 1 _ 1 _ 
_ _ 7 _ _ _ _ _ _ _ _ _ 1 _ 1 _ _ _ _ 0 _ 
_ 1 _ _ 1 _ _ _ _ 1 _ _ _ _ 1 _ 1 _ _ _ 1 
Живых микробов: 94
Поколение: 6

0 _ _ 0 _ _ _ _ _ _ _ 8 8 _ _ 0 _ _ _ _ _ 
_ _ _ _ _ _ _ _ _ _ _ 8 _ _ _ _ _ _ 0 0 _ 
_ _ _ _ 8 8 _ 0 _ 0 _ 2 _ 0 _ _ _ 0 _ _ _ 
_ _ 0 _ 8 _ _ 0 _ _ _ _ 2 _ _ _ 0 _ _ _ _ 
_ _ _ _ _ 2 _ 0 _ 0 _ 0 _ _ _ _ _ _ _ 0 0 
0 _ _ _ _ _ 2 _ _ _ 0 _ _ _ _ _ 0 _ _ _ _ 
0 _ _ _ _ 0 _ _ _ _ _ _ 0 _ _ _ _ _ _ _ _ 
_ _ _ 0 _ _ _ 0 _ 0 _ _ _ _ _ _ _ 0 0 _ _ 
_ 0 0 _ _ _ _ _ 0 _ _ 0 _ _ _ _ _ _ _ _ 0 
_ _ _ _ _ _ _ _ _ _ _ _ _ _ _ _ _ _ _ _ _ 
0 _ _ 0 _ _ 0 _ _ _ 8 _ _ _ _ _ 0 _ _ _ _ 
_ _ 0 _ _ _ _ 8 8 8 8 8 _ _ _ _ _ _ _ _ 0 
_ 0 _ _ _ _ 8 _ 8 _ _ 8 8 8 8 _ _ 0 0 _ 0 
_ _ _ _ 8 8 _ _ 8 _ _ _ _ 8 8 _ _ _ _ _ _ 
_ _ _ _ 8 _ _ 8 _ 8 _ 0 _ _ 8 _ _ _ 0 _ _ 
_ _ _ 8 8 _ _ _ 8 _ _ _ _ 0 _ _ _ _ _ _ _ 
_ _ _ _ 8 _ _ _ _ _ _ _ _ 0 _ _ _ 0 2 _ 0 
_ 8 _ _ _ _ _ _ _ _ _ _ _ _ _ _ _ _ _ 2 _ 
_ 8 8 _ 0 _ 0 _ _ _ _ _ _ _ _ _ _ 0 _ 0 _ 
_ _ 8 _ _ _ _ _ _ _ _ _ 0 _ 0 _ _ _ _ 0 _ 
_ 0 _ _ 0 _ _ _ _ 0 _ _ _ _ 0 _ 0 _ _ _ 0 
Живых микробов: 41
Поколение: 7

0 _ _ 0 _ _ _ _ _ _ _ 9 9 _ _ 0 _ _ _ _ _ 
_ _ _ _ _ _ _ _ _ _ _ 9 _ _ _ _ _ _ 0 0 _ 
_ _ _ _ 9 9 _ 0 _ 0 _ 3 _ 0 _ _ _ 0 _ _ _ 
_ _ 0 _ 9 _ _ 0 _ _ _ _ 0 _ _ _ 0 _ _ _ _ 
_ _ _ _ _ 3 _ 0 _ 0 _ 0 _ _ _ _ _ _ _ 0 0 
0 _ _ _ _ _ 0 _ _ _ 0 _ _ _ _ _ 0 _ _ _ _ 
0 _ _ _ _ 0 _ _ _ _ _ _ 0 _ _ _ _ _ _ _ _ 
_ _ _ 0 _ _ _ 0 _ 0 _ _ _ _ _ _ _ 0 0 _ _ 
_ 0 0 _ _ _ _ _ 0 _ _ 0 _ _ _ _ _ _ _ _ 0 
_ _ _ _ _ _ _ _ _ _ _ _ _ _ _ _ _ _ _ _ _ 
0 _ _ 0 _ _ 0 _ _ _ 9 _ _ _ _ _ 0 _ _ _ _ 
_ _ 0 _ _ _ _ 9 9 9 9 9 _ _ _ _ _ _ _ _ 0 
_ 0 _ _ _ _ 9 _ 9 _ _ 9 9 9 9 _ _ 0 0 _ 0 
_ _ _ _ 9 9 _ _ 9 _ _ _ _ 9 9 _ _ _ _ _ _ 
_ _ _ _ 9 _ _ 9 _ 9 _ 0 _ _ 9 _ _ _ 0 _ _ 
_ _ _ 9 9 _ _ _ 9 _ _ _ _ 0 _ _ _ _ _ _ _ 
_ _ _ _ 9 _ _ _ _ _ _ _ _ 0 _ _ _ 0 0 _ 0 
_ 9 _ _ _ _ _ _ _ _ _ _ _ _ _ _ _ _ _ 0 _ 
_ 9 9 _ 0 _ 0 _ _ _ _ _ _ _ _ _ _ 0 _ 0 _ 
_ _ 9 _ _ _ _ _ _ _ _ _ 0 _ 0 _ _ _ _ 0 _ 
_ 0 _ _ 0 _ _ _ _ 0 _ _ _ _ 0 _ 0 _ _ _ 0 
Живых микробов: 37
Поколение: 8

1 _ _ 1 _ _ _ _ _ _ _ 9 9 _ _ 1 _ _ _ _ _ 
_ _ _ _ _ _ _ _ _ _ _ 9 _ _ _ _ _ _ 1 1 _ 
_ _ _ _ 9 9 _ 1 _ 1 _ 3 _ 1 _ _ _ 1 _ _ _ 
_ _ 1 _ 9 _ _ 1 _ _ _ _ 0 _ _ _ 1 _ _ _ _ 
_ _ _ _ _ 3 _ 1 _ 1 _ 1 _ _ _ _ _ _ _ 1 1 
1 _ _ _ _ _ 0 _ _ _ 1 _ _ _ _ _ 1 _ _ _ _ 
1 _ _ _ _ 1 _ _ _ _ _ _ 1 _ _ _ _ _ _ _ _ 
_ _ _ 1 _ _ _ 1 _ 1 _ _ _ _ _ _ _ 1 1 _ _ 
_ 1 1 _ _ _ _ _ 1 _ _ 1 _ _ _ _ _ _ _ _ 1 
_ _ _ _ _ _ _ _ _ _ _ _ _ _ _ _ _ _ _ _ _ 
1 _ _ 1 _ _ 1 _ _ _ 9 _ _ _ _ _ 1 _ _ _ _ 
_ _ 1 _ _ _ _ 9 9 9 9 9 _ _ _ _ _ _ _ _ 1 
_ 1 _ _ _ _ 9 _ 9 _ _ 9 9 9 9 _ _ 1 1 _ 1 
_ _ _ _ 9 9 _ _ 9 _ _ _ _ 9 9 _ _ _ _ _ _ 
_ _ _ _ 9 _ _ 9 _ 9 _ 1 _ _ 9 _ _ _ 1 _ _ 
_ _ _ 9 9 _ _ _ 9 _ _ _ _ 1 _ _ _ _ _ _ _ 
_ _ _ _ 9 _ _ _ _ _ _ _ _ 1 _ _ _ 1 0 _ 1 
_ 9 _ _ _ _ _ _ _ _ _ _ _ _ _ _ _ _ _ 0 _ 
_ 9 9 _ 1 _ 1 _ _ _ _ _ _ _ _ _ _ 1 _ 1 _ 
_ _ 9 _ _ _ _ _ _ _ _ _ 1 _ 1 _ _ _ _ 1 _ 
_ 1 _ _ 1 _ _ _ _ 1 _ _ _ _ 1 _ 1 _ _ _ 1 
Живых микробов: 99
Поколение: 8

0 _ _ 0 _ _ _ _ _ _ _ 10 10 _ _ 0 _ _ _ _ _ 
_ _ _ _ _ _ _ _ _ _ _ 10 _ _ _ _ _ _ 2 0 _ 
_ _ _ _ 10 10 _ 0 _ 0 _ 0 _ 0 _ _ _ 2 _ _ _ 
_ _ 0 _ 10 _ _ 2 _ _ _ _ 0 _ _ _ 0 _ _ _ _ 
_ _ _ _ _ 0 _ 0 _ 0 _ 0 _ _ _ _ _ _ _ 0 0 
0 _ _ _ _ _ 0 _ _ _ 2 _ _ _ _ _ 0 _ _ _ _ 
0 _ _ _ _ 0 _ _ _ _ _ _ 0 _ _ _ _ _ _ _ _ 
_ _ _ 0 _ _ _ 0 _ 0 _ _ _ _ _ _ _ 0 0 _ _ 
_ 0 2 _ _ _ _ _ 2 _ _ 0 _ _ _ _ _ _ _ _ 0 
_ _ _ _ _ _ _ _ _ _ _ _ _ _ _ _ _ _ _ _ _ 
0 _ _ 0 _ _ 0 _ _ _ 10 _ _ _ _ _ 0 _ _ _ _ 
_ _ 2 _ _ _ _ 10 10 10 10 10 _ _ _ _ _ _ _ _ 0 
_ 0 _ _ _ _ 10 _ 10 _ _ 10 10 10 10 _ _ 0 0 _ 0 
_ _ _ _ 10 10 _ _ 10 _ _ _ _ 10 10 _ _ _ _ _ _ 
_ _ _ _ 10 _ _ 10 _ 10 _ 0 _ _ 10 _ _ _ 0 _ _ 
_ _ _ 10 10 _ _ _ 10 _ _ _ _ 2 _ _ _ _ _ _ _ 
_ _ _ _ 10 _ _ _ _ _ _ _ _ 0 _ _ _ 0 0 _ 0 
_ 10 _ _ _ _ _ _ _ _ _ _ _ _ _ _ _ _ _ 0 _ 
_ 10 10 _ 0 _ 0 _ _ _ _ _ _ _ _ _ _ 0 _ 0 _ 
_ _ 10 _ _ _ _ _ _ _ _ _ 0 _ 0 _ _ _ _ 2 _ 
_ 0 _ _ 0 _ _ _ _ 0 _ _ _ _ 0 _ 0 _ _ _ 0 
Живых микробов: 44
Поколение: 9

0 _ _ 0 _ _ _ _ _ _ _ 11 11 _ _ 0 _ _ _ _ _ 
_ _ _ _ _ _ _ _ _ _ _ 11 _ _ _ _ _ _ 0 0 _ 
_ _ _ _ 11 11 _ 0 _ 0 _ 0 _ 0 _ _ _ 0 _ _ _ 
_ _ 0 _ 11 _ _ 0 _ _ _ _ 0 _ _ _ 0 _ _ _ _ 
_ _ _ _ _ 0 _ 0 _ 0 _ 0 _ _ _ _ _ _ _ 0 0 
0 _ _ _ _ _ 0 _ _ _ 0 _ _ _ _ _ 0 _ _ _ _ 
0 _ _ _ _ 0 _ _ _ _ _ _ 0 _ _ _ _ _ _ _ _ 
_ _ _ 0 _ _ _ 0 _ 0 _ _ _ _ _ _ _ 0 0 _ _ 
_ 0 0 _ _ _ _ _ 0 _ _ 0 _ _ _ _ _ _ _ _ 0 
_ _ _ _ _ _ _ _ _ _ _ _ _ _ _ _ _ _ _ _ _ 
0 _ _ 0 _ _ 0 _ _ _ 11 _ _ _ _ _ 0 _ _ _ _ 
_ _ 0 _ _ _ _ 11 11 11 11 11 _ _ _ _ _ _ _ _ 0 
_ 0 _ _ _ _ 11 _ 11 _ _ 11 11 11 11 _ _ 0 0 _ 0 
_ _ _ _ 11 11 _ _ 11 _ _ _ _ 11 11 _ _ _ _ _ _ 
_ _ _ _ 11 _ _ 11 _ 11 _ 0 _ _ 11 _ _ _ 0 _ _ 
_ _ _ 11 11 _ _ _ 11 _ _ _ _ 0 _ _ _ _ _ _ _ 
_ _ _ _ 11 _ _ _ _ _ _ _ _ 0 _ _ _ 0 0 _ 0 
_ 11 _ _ _ _ _ _ _ _ _ _ _ _ _ _ _ _ _ 0 _ 
_ 11 11 _ 0 _ 0 _ _ _ _ _ _ _ _ _ _ 0 _ 0 _ 
_ _ 11 _ _ _ _ _ _ _ _ _ 0 _ 0 _ _ _ _ 0 _ 
_ 0 _ _ 0 _ _ _ _ 0 _ _ _ _ 0 _ 0 _ _ _ 0 
Живых микробов: 35
Поколение: 10

1 _ _ 1 _ _ _ _ _ _ _ 11 11 _ _ 1 _ _ _ _ _ 
_ _ _ _ _ _ _ _ _ _ _ 11 _ _ _ _ _ _ 0 1 _ 
_ _ _ _ 11 11 _ 1 _ 1 _ 1 _ 1 _ _ _ 0 _ _ _ 
_ _ 1 _ 11 _ _ 0 _ _ _ _ 1 _ _ _ 1 _ _ _ _ 
_ _ _ _ _ 1 _ 1 _ 1 _ 1 _ _ _ _ _ _ _ 1 1 
1 _ _ _ _ _ 1 _ _ _ 0 _ _ _ _ _ 1 _ _ _ _ 
1 _ _ _ _ 1 _ _ _ _ _ _ 1 _ _ _ _ _ _ _ _ 
_ _ _ 1 _ _ _ 1 _ 1 _ _ _ _ _ _ _ 1 1 _ _ 
_ 1 0 _ _ _ _ _ 0 _ _ 1 _ _ _ _ _ _ _ _ 1 
_ _ _ _ _ _ _ _ _ _ _ _ _ _ _ _ _ _ _ _ _ 
1 _ _ 1 _ _ 1 _ _ _ 11 _ _ _ _ _ 1 _ _ _ _ 
_ _ 0 _ _ _ _ 11 11 11 11 11 _ _ _ _ _ _ _ _ 1 
_ 1 _ _ _ _ 11 _ 11 _ _ 11 11 11 11 _ _ 1 1 _ 1 
_ _ _ _ 11 11 _ _ 11 _ _ _ _ 11 11 _ _ _ _ _ _ 
_ _ _ _ 11 _ _ 11 _ 11 _ 1 _ _ 11 _ _ _ 1 _ _ 
_ _ _ 11 11 _ _ _ 11 _ _ _ _ 0 _ _ _ _ _ _ _ 
_ _ _ _ 11 _ _ _ _ _ _ _ _ 1 _ _ _ 1 1 _ 1 
_ 11 _ _ _ _ _ _ _ _ _ _ _ _ _ _ _ _ _ 1 _ 
_ 11 11 _ 1 _ 1 _ _ _ _ _ _ _ _ _ _ 1 _ 1 _ 
_ _ 11 _ _ _ _ _ _ _ _ _ 1 _ 1 _ _ _ _ 0 _ 
_ 1 _ _ 1 _ _ _ _ 1 _ _ _ _ 1 _ 1 _ _ _ 1 
Живых микробов: 94
Поколение: 10

0 _ _ 0 _ _ _ _ _ _ _ 12 12 _ _ 0 _ _ _ _ _ 
_ _ _ _ _ _ _ _ _ _ _ 12 _ _ _ _ _ _ 0 0 _ 
_ _ _ _ 12 12 _ 0 _ 0 _ 2 _ 0 _ _ _ 0 _ _ _ 
_ _ 0 _ 12 _ _ 0 _ _ _ _ 2 _ _ _ 0 _ _ _ _ 
_ _ _ _ _ 2 _ 0 _ 0 _ 0 _ _ _ _ _ _ _ 0 0 
0 _ _ _ _ _ 2 _ _ _ 0 _ _ _ _ _ 0 _ _ _ _ 
0 _ _ _ _ 0 _ _ _ _ _ _ 0 _ _ _ _ _ _ _ _ 
_ _ _ 0 _ _ _ 0 _ 0 _ _ _ _ _ _ _ 0 0 _ _ 
_ 0 0 _ _ _ _ _ 0 _ _ 0 _ _ _ _ _ _ _ _ 0 
_ _ _ _ _ _ _ _ _ _ _ _ _ _ _ _ _ _ _ _ _ 
0 _ _ 0 _ _ 0 _ _ _ 12 _ _ _ _ _ 0 _ _ _ _ 
_ _ 0 _ _ _ _ 12 12 12 12 12 _ _ _ _ _ _ _ _ 0 
_ 0 _ _ _ _ 12 _ 12 _ _ 12 12 12 12 _ _ 0 0 _ 0 
_ _ _ _ 12 12 _ _ 12 _ _ _ _ 12 12 _ _ _ _ _ _ 
_ _ _ _ 12 _ _ 12 _ 12 _ 0 _ _ 12 _ _ _ 0 _ _ 
_ _ _ 12 12 _ _ _ 12 _ _ _ _ 0 _ _ _ _ _ _ _ 
_ _ _ _ 12 _ _ _ _ _ _ _ _ 0 _ _ _ 0 2 _ 0 
_ 12 _ _ _ _ _ _ _ _ _ _ _ _ _ _ _ _ _ 2 _ 
_ 12 12 _ 0 _ 0 _ _ _ _ _ _ _ _ _ _ 0 _ 0 _ 
_ _ 12 _ _ _ _ _ _ _ _ _ 0 _ 0 _ _ _ _ 0 _ 
_ 0 _ _ 0 _ _ _ _ 0 _ _ _ _ 0 _ 0 _ _ _ 0 
Живых микробов: 41
Поколение: 11

0 _ _ 0 _ _ _ _ _ _ _ _ _ _ _ 0 _ _ _ _ _ 
_ _ _ _ _ _ _ _ _ _ _ _ _ _ _ _ _ _ 0 0 _ 
_ _ _ _ _ _ _ 0 _ 0 _ 3 _ 0 _ _ _ 0 _ _ _ 
_ _ 0 _ _ _ _ 0 _ _ _ _ 0 _ _ _ 0 _ _ _ _ 
_ _ _ _ _ 3 _ 0 _ 0 _ 0 _ _ _ _ _ _ _ 0 0 
0 _ _ _ _ _ 0 _ _ _ 0 _ _ _ _ _ 0 _ _ _ _ 
0 _ _ _ _ 0 _ _ _ _ _ _ 0 _ _ _ _ _ _ _ _ 
_ _ _ 0 _ _ _ 0 _ 0 _ _ _ _ _ _ _ 0 0 _ _ 
_ 0 0 _ _ _ _ _ 0 _ _ 0 _ _ _ _ _ _ _ _ 0 
_ _ _ _ _ _ _ _ _ _ _ _ _ _ _ _ _ _ _ _ _ 
0 _ _ 0 _ _ 0 _ _ _ _ _ _ _ _ _ 0 _ _ _ _ 
_ _ 0 _ _ _ _ _ _ _ _ _ _ _ _ _ _ _ _ _ 0 
_ 0 _ _ _ _ _ _ _ _ _ _ _ _ _ _ _ 0 0 _ 0 
_ _ _ _ _ _ _ _ _ _ _ _ _ _ _ _ _ _ _ _ _ 
_ _ _ _ _ _ _ _ _ _ _ 0 _ _ _ _ _ _ 0 _ _ 
_ _ _ _ _ _ _ _ _ _ _ _ _ 0 _ _ _ _ _ _ _ 
_ _ _ _ _ _ _ _ _ _ _ _ _ 0 _ _ _ 0 0 _ 0 
_ _ _ _ _ _ _ _ _ _ _ _ _ _ _ _ _ _ _ 0 _ 
_ _ _ _ 0 _ 0 _ _ _ _ _ _ _ _ _ _ 0 _ 0 _ 
_ _ _ _ _ _ _ _ _ _ _ _ 0 _ 0 _ _ _ _ 0 _ 
_ 0 _ _ 0 _ _ _ _ 0 _ _ _ _ 0 _ 0 _ _ _ 0 
Живых микробов: 2
Поколение: 12

1 _ _ 1 _ _ _ _ _ _ _ _ _ _ _ 1 _ _ _ _ _ 
_ _ _ _ _ _ _ _ _ _ _ _ _ _ _ _ _ _ 1 1 _ 
_ _ _ _ _ _ _ 1 _ 1 _ 3 _ 1 _ _ _ 1 _ _ _ 
_ _ 1 _ _ _ _ 1 _ _ _ _ 0 _ _ _ 1 _ _ _ _ 
_ _ _ _ _ 3 _ 1 _ 1 _ 1 _ _ _ _ _ _ _ 1 1 
1 _ _ _ _ _ 0 _ _ _ 1 _ _ _ _ _ 1 _ _ _ _ 
1 _ _ _ _ 1 _ _ _ _ _ _ 1 _ _ _ _ _ _ _ _ 
_ _ _ 1 _ _ _ 1 _ 1 _ _ _ _ _ _ _ 1 1 _ _ 
_ 1 1 _ _ _ _ _ 1 _ _ 1 _ _ _ _ _ _ _ _ 1 
_ _ _ _ _ _ _ _ _ _ _ _ _ _ _ _ _ _ _ _ _ 
1 _ _ 1 _ _ 1 _ _ _ _ _ _ _ _ _ 1 _ _ _ _ 
_ _ 1 _ _ _ _ _ _ _ _ _ _ _ _ _ _ _ _ _ 1 
_ 1 _ _ _ _ _ _ _ _ _ _ _ _ _ _ _ 1 1 _ 1 
_ _ _ _ _ _ _ _ _ _ _ _ _ _ _ _ _ _ _ _ _ 
_ _ _ _ _ _ _ _ _ _ _ 1 _ _ _ _ _ _ 1 _ _ 
_ _ _ _ _ _ _ _ _ _ _ _ _ 1 _ _ _ _ _ _ _ 
_ _ _ _ _ _ _ _ _ _ _ _ _ 1 _ _ _ 1 0 _ 1 
_ _ _ _ _ _ _ _ _ _ _ _ _ _ _ _ _ _ _ 0 _ 
_ _ _ _ 1 _ 1 _ _ _ _ _ _ _ _ _ _ 1 _ 1 _ 
_ _ _ _ _ _ _ _ _ _ _ _ 1 _ 1 _ _ _ _ 1 _ 
_ 1 _ _ 1 _ _ _ _ 1 _ _ _ _ 1 _ 1 _ _ _ 1 
Живых микробов: 64
Поколение: 12

0 _ _ 0 _ _ _ _ _ _ _ _ _ _ _ 0 _ _ _ _ _ 
_ _ _ _ _ _ _ _ _ _ _ _ _ _ _ _ _ _ 2 0 _ 
_ _ _ _ _ _ _ 0 _ 0 _ 0 _ 0 _ _ _ 2 _ _ _ 
_ _ 0 _ _ _ _ 2 _ _ _ _ 0 _ _ _ 0 _ _ _ _ 
_ _ _ _ _ 0 _ 0 _ 0 _ 0 _ _ _ _ _ _ _ 0 0 
0 _ _ _ _ _ 0 _ _ _ 2 _ _ _ _ _ 0 _ _ _ _ 
0 _ _ _ _ 0 _ _ _ _ _ _ 0 _ _ _ _ _ _ _ _ 
_ _ _ 0 _ _ _ 0 _ 0 _ _ _ _ _ _ _ 0 0 _ _ 
_ 0 2 _ _ _ _ _ 2 _ _ 0 _ _ _ _ _ _ _ _ 0 
_ _ _ _ _ _ _ _ _ _ _ _ _ _ _ _ _ _ _ _ _ 
0 _ _ 0 _ _ 0 _ _ _ _ _ _ _ _ _ 0 _ _ _ _ 
_ _ 2 _ _ _ _ _ _ _ _ _ _ _ _ _ _ _ _ _ 0 
_ 0 _ _ _ _ _ _ _ _ _ _ _ _ _ _ _ 0 0 _ 0 
_ _ _ _ _ _ _ _ _ _ _ _ _ _ _ _ _ _ _ _ _ 
_ _ _ _ _ _ _ _ _ _ _ 0 _ _ _ _ _ _ 0 _ _ 
_ _ _ _ _ _ _ _ _ _ _ _ _ 0 _ _ _ _ _ _ _ 
_ _ _ _ _ _ _ _ _ _ _ _ _ 0 _ _ _ 0 0 _ 0 
_ _ _ _ _ _ _ _ _ _ _ _ _ _ _ _ _ _ _ 0 _ 
_ _ _ _ 0 _ 0 _ _ _ _ _ _ _ _ _ _ 0 _ 0 _ 
_ _ _ _ _ _ _ _ _ _ _ _ 0 _ 0 _ _ _ _ 2 _ 
_ 0 _ _ 0 _ _ _ _ 0 _ _ _ _ 0 _ 0 _ _ _ 0 
Живых микробов: 8
Поколение: 13

0 _ _ 0 _ _ _ _ _ _ _ _ _ _ _ 0 _ _ _ _ _ 
_ _ _ _ _ _ _ _ _ _ _ _ _ _ _ _ _ _ 0 0 _ 
_ _ _ _ _ _ _ 0 _ 0 _ 0 _ 0 _ _ _ 0 _ _ _ 
_ _ 0 _ _ _ _ 0 _ _ _ _ 0 _ _ _ 0 _ _ _ _ 
_ _ _ _ _ 0 _ 0 _ 0 _ 0 _ _ _ _ _ _ _ 0 0 
0 _ _ _ _ _ 0 _ _ _ 0 _ _ _ _ _ 0 _ _ _ _ 
0 _ _ _ _ 0 _ _ _ _ _ _ 0 _ _ _ _ _ _ _ _ 
_ _ _ 0 _ _ _ 0 _ 0 _ _ _ _ _ _ _ 0 0 _ _ 
_ 0 0 _ _ _ _ _ 0 _ _ 0 _ _ _ _ _ _ _ _ 0 
_ _ _ _ _ _ _ _ _ _ _ _ _ _ _ _ _ _ _ _ _ 
0 _ _ 0 _ _ 0 _ _ _ _ _ _ _ _ _ 0 _ _ _ _ 
_ _ 0 _ _ _ _ _ _ _ _ _ _ _ _ _ _ _ _ _ 0 
_ 0 _ _ _ _ _ _ _ _ _ _ _ _ _ _ _ 0 0 _ 0 
_ _ _ _ _ _ _ _ _ _ _ _ _ _ _ _ _ _ _ _ _ 
_ _ _ _ _ _ _ _ _ _ _ 0 _ _ _ _ _ _ 0 _ _ 
_ _ _ _ _ _ _ _ _ _ _ _ _ 0 _ _ _ _ _ _ _ 
_ _ _ _ _ _ _ _ _ _ _ _ _ 0 _ _ _ 0 0 _ 0 
_ _ _ _ _ _ _ _ _ _ _ _ _ _ _ _ _ _ _ 0 _ 
_ _ _ _ 0 _ 0 _ _ _ _ _ _ _ _ _ _ 0 _ 0 _ 
_ _ _ _ _ _ _ _ _ _ _ _ 0 _ 0 _ _ _ _ 0 _ 
_ 0 _ _ 0 _ _ _ _ 0 _ _ _ _ 0 _ 0 _ _ _ 0 
Живых микробов: 0
Поколение: 14

1 _ _ 1 _ _ _ _ _ _ _ _ _ _ _ 1 _ _ _ _ _ 
_ _ _ _ _ _ _ _ _ _ _ _ _ _ _ _ _ _ 0 1 _ 
_ _ _ _ _ _ _ 1 _ 1 _ 1 _ 1 _ _ _ 0 _ _ _ 
_ _ 1 _ _ _ _ 0 _ _ _ _ 1 _ _ _ 1 _ _ _ _ 
_ _ _ _ _ 1 _ 1 _ 1 _ 1 _ _ _ _ _ _ _ 1 1 
1 _ _ _ _ _ 1 _ _ _ 0 _ _ _ _ _ 1 _ _ _ _ 
1 _ _ _ _ 1 _ _ _ _ _ _ 1 _ _ _ _ _ _ _ _ 
_ _ _ 1 _ _ _ 1 _ 1 _ _ _ _ _ _ _ 1 1 _ _ 
_ 1 0 _ _ _ _ _ 0 _ _ 1 _ _ _ _ _ _ _ _ 1 
_ _ _ _ _ _ _ _ _ _ _ _ _ _ _ _ _ _ _ _ _ 
1 _ _ 1 _ _ 1 _ _ _ _ _ _ _ _ _ 1 _ _ _ _ 
_ _ 0 _ _ _ _ _ _ _ _ _ _ _ _ _ _ _ _ _ 1 
_ 1 _ _ _ _ _ _ _ _ _ _ _ _ _ _ _ 1 1 _ 1 
_ _ _ _ _ _ _ _ _ _ _ _ _ _ _ _ _ _ _ _ _ 
_ _ _ _ _ _ _ _ _ _ _ 1 _ _ _ _ _ _ 1 _ _ 
_ _ _ _ _ _ _ _ _ _ _ _ _ 1 _ _ _ _ _ _ _ 
_ _ _ _ _ _ _ _ _ _ _ _ _ 1 _ _ _ 1 1 _ 1 
_ _ _ _ _ _ _ _ _ _ _ _ _ _ _ _ _ _ _ 1 _ 
_ _ _ _ 1 _ 1 _ _ _ _ _ _ _ _ _ _ 1 _ 1 _ 
_ _ _ _ _ _ _ _ _ _ _ _ 1 _ 1 _ _ _ _ 0 _ 
_ 1 _ _ 1 _ _ _ _ 1 _ _ _ _ 1 _ 1 _ _ _ 1 
Живых микробов: 60
Поколение: 14

0 _ _ 0 _ _ _ _ _ _ _ _ _ _ _ 0 _ _ _ _ _ 
_ _ _ _ _ _ _ _ _ _ _ _ _ _ _ _ _ _ 0 0 _ 
_ _ _ _ _ _ _ 0 _ 0 _ 0 _ 0 _ _ _ 0 _ _ _ 
_ _ 0 _ _ _ _ 0 _ _ _ _ 2 _ _ _ 0 _ _ _ _ 
_ _ _ _ _ 0 _ 0 _ 0 _ 0 _ _ _ _ _ _ _ 0 0 
0 _ _ _ _ _ 2 _ _ _ 0 _ _ _ _ _ 0 _ _ _ _ 
0 _ _ _ _ 0 _ _ _ _ _ _ 0 _ _ _ _ _ _ _ _ 
_ _ _ 0 _ _ _ 0 _ 0 _ _ _ _ _ _ _ 0 0 _ _ 
_ 0 0 _ _ _ _ _ 0 _ _ 0 _ _ _ _ _ _ _ _ 0 
_ _ _ _ _ _ _ _ _ _ _ _ _ _ _ _ _ _ _ _ _ 
0 _ _ 0 _ _ 0 _ _ _ _ _ _ _ _ _ 0 _ _ _ _ 
_ _ 0 _ _ _ _ _ _ _ _ _ _ _ _ _ _ _ _ _ 0 
_ 0 _ _ _ _ _ _ _ _ _ _ _ _ _ _ _ 0 0 _ 0 
_ _ _ _ _ _ _ _ _ _ _ _ _ _ _ _ _ _ _ _ _ 
_ _ _ _ _ _ _ _ _ _ _ 0 _ _ _ _ _ _ 0 _ _ 
_ _ _ _ _ _ _ _ _ _ _ _ _ 0 _ _ _ _ _ _ _ 
_ _ _ _ _ _ _ _ _ _ _ _ _ 0 _ _ _ 0 2 _ 0 
_ _ _ _ _ _ _ _ _ _ _ _ _ _ _ _ _ _ _ 2 _ 
_ _ _ _ 0 _ 0 _ _ _ _ _ _ _ _ _ _ 0 _ 0 _ 
_ _ _ _ _ _ _ _ _ _ _ _ 0 _ 0 _ _ _ _ 0 _ 
_ 0 _ _ 0 _ _ _ _ 0 _ _ _ _ 0 _ 0 _ _ _ 0 
Живых микробов: 4
Поколение: 15

0 _ _ 0 _ _ _ _ _ _ _ _ _ _ _ 0 _ _ _ _ _ 
_ _ _ _ _ _ _ _ _ _ _ _ _ _ _ _ _ _ 0 0 _ 
_ _ _ _ _ _ _ 0 _ 0 _ 0 _ 0 _ _ _ 0 _ _ _ 
_ _ 0 _ _ _ _ 0 _ _ _ _ 0 _ _ _ 0 _ _ _ _ 
_ _ _ _ _ 0 _ 0 _ 0 _ 0 _ _ _ _ _ _ _ 0 0 
0 _ _ _ _ _ 0 _ _ _ 0 _ _ _ _ _ 0 _ _ _ _ 
0 _ _ _ _ 0 _ _ _ _ _ _ 0 _ _ _ _ _ _ _ _ 
_ _ _ 0 _ _ _ 0 _ 0 _ _ _ _ _ _ _ 0 0 _ _ 
_ 0 0 _ _ _ _ _ 0 _ _ 0 _ _ _ _ _ _ _ _ 0 
_ _ _ _ _ _ _ _ _ _ _ _ _ _ _ _ _ _ _ _ _ 
0 _ _ 0 _ _ 0 _ _ _ _ _ _ _ _ _ 0 _ _ _ _ 
_ _ 0 _ _ _ _ _ _ _ _ _ _ _ _ _ _ _ _ _ 0 
_ 0 _ _ _ _ _ _ _ _ _ _ _ _ _ _ _ 0 0 _ 0 
_ _ _ _ _ _ _ _ _ _ _ _ _ _ _ _ _ _ _ _ _ 
_ _ _ _ _ _ _ _ _ _ _ 0 _ _ _ _ _ _ 0 _ _ 
_ _ _ _ _ _ _ _ _ _ _ _ _ 0 _ _ _ _ _ _ _ 
_ _ _ _ _ _ _ _ _ _ _ _ _ 0 _ _ _ 0 0 _ 0 
_ _ _ _ _ _ _ _ _ _ _ _ _ _ _ _ _ _ _ 0 _ 
_ _ _ _ 0 _ 0 _ _ _ _ _ _ _ _ _ _ 0 _ 0 _ 
_ _ _ _ _ _ _ _ _ _ _ _ 0 _ 0 _ _ _ _ 0 _ 
_ 0 _ _ 0 _ _ _ _ 0 _ _ _ _ 0 _ 0 _ _ _ 0 
Живых микробов: 0
Поколение: 16

1 _ _ 1 _ _ _ _ _ _ _ _ _ _ _ 1 _ _ _ _ _ 
_ _ _ _ _ _ _ _ _ _ _ _ _ _ _ _ _ _ 1 1 _ 
_ _ _ _ _ _ _ 1 _ 1 _ 1 _ 1 _ _ _ 1 _ _ _ 
_ _ 1 _ _ _ _ 1 _ _ _ _ 0 _ _ _ 1 _ _ _ _ 
_ _ _ _ _ 1 _ 1 _ 1 _ 1 _ _ _ _ _ _ _ 1 1 
1 _ _ _ _ _ 0 _ _ _ 1 _ _ _ _ _ 1 _ _ _ _ 
1 _ _ _ _ 1 _ _ _ _ _ _ 1 _ _ _ _ _ _ _ _ 
_ _ _ 1 _ _ _ 1 _ 1 _ _ _ _ _ _ _ 1 1 _ _ 
_ 1 1 _ _ _ _ _ 1 _ _ 1 _ _ _ _ _ _ _ _ 1 
_ _ _ _ _ _ _ _ _ _ _ _ _ _ _ _ _ _ _ _ _ 
1 _ _ 1 _ _ 1 _ _ _ _ _ _ _ _ _ 1 _ _ _ _ 
_ _ 1 _ _ _ _ _ _ _ _ _ _ _ _ _ _ _ _ _ 1 
_ 1 _ _ _ _ _ _ _ _ _ _ _ _ _ _ _ 1 1 _ 1 
_ _ _ _ _ _ _ _ _ _ _ _ _ _ _ _ _ _ _ _ _ 
_ _ _ _ _ _ _ _ _ _ _ 1 _ _ _ _ _ _ 1 _ _ 
_ _ _ _ _ _ _ _ _ _ _ _ _ 1 _ _ _ _ _ _ _ 
_ _ _ _ _ _ _ _ _ _ _ _ _ 1 _ _ _ 1 0 _ 1 
_ _ _ _ _ _ _ _ _ _ _ _ _ _ _ _ _ _ _ 0 _ 
_ _ _ _ 1 _ 1 _ _ _ _ _ _ _ _ _ _ 1 _ 1 _ 
_ _ _ _ _ _ _ _ _ _ _ _ 1 _ 1 _ _ _ _ 1 _ 
_ 1 _ _ 1 _ _ _ _ 1 _ _ _ _ 1 _ 1 _ _ _ 1 
Живых микробов: 64
Поколение: 16

0 _ _ 0 _ _ _ _ _ _ _ _ _ _ _ 0 _ _ _ _ _ 
_ _ _ _ _ _ _ _ _ _ _ _ _ _ _ _ _ _ 2 0 _ 
_ _ _ _ _ _ _ 0 _ 0 _ 0 _ 0 _ _ _ 2 _ _ _ 
_ _ 0 _ _ _ _ 2 _ _ _ _ 0 _ _ _ 0 _ _ _ _ 
_ _ _ _ _ 0 _ 0 _ 0 _ 0 _ _ _ _ _ _ _ 0 0 
0 _ _ _ _ _ 0 _ _ _ 2 _ _ _ _ _ 0 _ _ _ _ 
0 _ _ _ _ 0 _ _ _ _ _ _ 0 _ _ _ _ _ _ _ _ 
_ _ _ 0 _ _ _ 0 _ 0 _ _ _ _ _ _ _ 0 0 _ _ 
_ 0 2 _ _ _ _ _ 2 _ _ 0 _ _ _ _ _ _ _ _ 0 
_ _ _ _ _ _ _ _ _ _ _ _ _ _ _ _ _ _ _ _ _ 
0 _ _ 0 _ _ 0 _ _ _ _ _ _ _ _ _ 0 _ _ _ _ 
_ _ 2 _ _ _ _ _ _ _ _ _ _ _ _ _ _ _ _ _ 0 
_ 0 _ _ _ _ _ _ _ _ _ _ _ _ _ _ _ 0 0 _ 0 
_ _ _ _ _ _ _ _ _ _ _ _ _ _ _ _ _ _ _ _ _ 
_ _ _ _ _ _ _ _ _ _ _ 0 _ _ _ _ _ _ 0 _ _ 
_ _ _ _ _ _ _ _ _ _ _ _ _ 0 _ _ _ _ _ _ _ 
_ _ _ _ _ _ _ _ _ _ _ _ _ 0 _ _ _ 0 0 _ 0 
_ _ _ _ _ _ _ _ _ _ _ _ _ _ _ _ _ _ _ 0 _ 
_ _ _ _ 0 _ 0 _ _ _ _ _ _ _ _ _ _ 0 _ 0 _ 
_ _ _ _ _ _ _ _ _ _ _ _ 0 _ 0 _ _ _ _ 2 _ 
_ 0 _ _ 0 _ _ _ _ 0 _ _ _ _ 0 _ 0 _ _ _ 0 
Живых микробов: 8
Поколение: 17

0 _ _ 0 _ _ _ _ _ _ _ _ _ _ _ 0 _ _ _ _ _ 
_ _ _ _ _ _ _ _ _ _ _ _ _ _ _ _ _ _ 0 0 _ 
_ _ _ _ _ _ _ 0 _ 0 _ 0 _ 0 _ _ _ 0 _ _ _ 
_ _ 0 _ _ _ _ 0 _ _ _ _ 0 _ _ _ 0 _ _ _ _ 
_ _ _ _ _ 0 _ 0 _ 0 _ 0 _ _ _ _ _ _ _ 0 0 
0 _ _ _ _ _ 0 _ _ _ 0 _ _ _ _ _ 0 _ _ _ _ 
0 _ _ _ _ 0 _ _ _ _ _ _ 0 _ _ _ _ _ _ _ _ 
_ _ _ 0 _ _ _ 0 _ 0 _ _ _ _ _ _ _ 0 0 _ _ 
_ 0 0 _ _ _ _ _ 0 _ _ 0 _ _ _ _ _ _ _ _ 0 
_ _ _ _ _ _ _ _ _ _ _ _ _ _ _ _ _ _ _ _ _ 
0 _ _ 0 _ _ 0 _ _ _ _ _ _ _ _ _ 0 _ _ _ _ 
_ _ 0 _ _ _ _ _ _ _ _ _ _ _ _ _ _ _ _ _ 0 
_ 0 _ _ _ _ _ _ _ _ _ _ _ _ _ _ _ 0 0 _ 0 
_ _ _ _ _ _ _ _ _ _ _ _ _ _ _ _ _ _ _ _ _ 
_ _ _ _ _ _ _ _ _ _ _ 0 _ _ _ _ _ _ 0 _ _ 
_ _ _ _ _ _ _ _ _ _ _ _ _ 0 _ _ _ _ _ _ _ 
_ _ _ _ _ _ _ _ _ _ _ _ _ 0 _ _ _ 0 0 _ 0 
_ _ _ _ _ _ _ _ _ _ _ _ _ _ _ _ _ _ _ 0 _ 
_ _ _ _ 0 _ 0 _ _ _ _ _ _ _ _ _ _ 0 _ 0 _ 
_ _ _ _ _ _ _ _ _ _ _ _ 0 _ 0 _ _ _ _ 0 _ 
_ 0 _ _ 0 _ _ _ _ 0 _ _ _ _ 0 _ 0 _ _ _ 0 
Живых микробов: 0
Поколение: 18

1 _ _ 1 _ _ _ _ _ _ _ _ _ _ _ 1 _ _ _ _ _ 
_ _ _ _ _ _ _ _ _ _ _ _ _ _ _ _ _ _ 0 1 _ 
_ _ _ _ _ _ _ 1 _ 1 _ 1 _ 1 _ _ _ 0 _ _ _ 
_ _ 1 _ _ _ _ 0 _ _ _ _ 1 _ _ _ 1 _ _ _ _ 
_ _ _ _ _ 1 _ 1 _ 1 _ 1 _ _ _ _ _ _ _ 1 1 
1 _ _ _ _ _ 1 _ _ _ 0 _ _ _ _ _ 1 _ _ _ _ 
1 _ _ _ _ 1 _ _ _ _ _ _ 1 _ _ _ _ _ _ _ _ 
_ _ _ 1 _ _ _ 1 _ 1 _ _ _ _ _ _ _ 1 1 _ _ 
_ 1 0 _ _ _ _ _ 0 _ _ 1 _ _ _ _ _ _ _ _ 1 
_ _ _ _ _ _ _ _ _ _ _ _ _ _ _ _ _ _ _ _ _ 
1 _ _ 1 _ _ 1 _ _ _ _ _ _ _ _ _ 1 _ _ _ _ 
_ _ 0 _ _ _ _ _ _ _ _ _ _ _ _ _ _ _ _ _ 1 
_ 1 _ _ _ _ _ _ _ _ _ _ _ _ _ _ _ 1 1 _ 1 
_ _ _ _ _ _ _ _ _ _ _ _ _ _ _ _ _ _ _ _ _ 
_ _ _ _ _ _ _ _ _ _ _ 1 _ _ _ _ _ _ 1 _ _ 
_ _ _ _ _ _ _ _ _ _ _ _ _ 1 _ _ _ _ _ _ _ 
_ _ _ _ _ _ _ _ _ _ _ _ _ 1 _ _ _ 1 1 _ 1 
_ _ _ _ _ _ _ _ _ _ _ _ _ _ _ _ _ _ _ 1 _ 
_ _ _ _ 1 _ 1 _ _ _ _ _ _ _ _ _ _ 1 _ 1 _ 
_ _ _ _ _ _ _ _ _ _ _ _ 1 _ 1 _ _ _ _ 0 _ 
_ 1 _ _ 1 _ _ _ _ 1 _ _ _ _ 1 _ 1 _ _ _ 1 
Живых микробов: 60
Поколение: 18

0 _ _ 0 _ _ _ _ _ _ _ _ _ _ _ 0 _ _ _ _ _ 
_ _ _ _ _ _ _ _ _ _ _ _ _ _ _ _ _ _ 0 0 _ 
_ _ _ _ _ _ _ 0 _ 0 _ 0 _ 0 _ _ _ 0 _ _ _ 
_ _ 0 _ _ _ _ 0 _ _ _ _ 2 _ _ _ 0 _ _ _ _ 
_ _ _ _ _ 0 _ 0 _ 0 _ 0 _ _ _ _ _ _ _ 0 0 
0 _ _ _ _ _ 2 _ _ _ 0 _ _ _ _ _ 0 _ _ _ _ 
0 _ _ _ _ 0 _ _ _ _ _ _ 0 _ _ _ _ _ _ _ _ 
_ _ _ 0 _ _ _ 0 _ 0 _ _ _ _ _ _ _ 0 0 _ _ 
_ 0 0 _ _ _ _ _ 0 _ _ 0 _ _ _ _ _ _ _ _ 0 
_ _ _ _ _ _ _ _ _ _ _ _ _ _ _ _ _ _ _ _ _ 
0 _ _ 0 _ _ 0 _ _ _ _ _ _ _ _ _ 0 _ _ _ _ 
_ _ 0 _ _ _ _ _ _ _ _ _ _ _ _ _ _ _ _ _ 0 
_ 0 _ _ _ _ _ _ _ _ _ _ _ _ _ _ _ 0 0 _ 0 
_ _ _ _ _ _ _ _ _ _ _ _ _ _ _ _ _ _ _ _ _ 
_ _ _ _ _ _ _ _ _ _ _ 0 _ _ _ _ _ _ 0 _ _ 
_ _ _ _ _ _ _ _ _ _ _ _ _ 0 _ _ _ _ _ _ _ 
_ _ _ _ _ _ _ _ _ _ _ _ _ 0 _ _ _ 0 2 _ 0 
_ _ _ _ _ _ _ _ _ _ _ _ _ _ _ _ _ _ _ 2 _ 
_ _ _ _ 0 _ 0 _ _ _ _ _ _ _ _ _ _ 0 _ 0 _ 
_ _ _ _ _ _ _ _ _ _ _ _ 0 _ 0 _ _ _ _ 0 _ 
_ 0 _ _ 0 _ _ _ _ 0 _ _ _ _ 0 _ 0 _ _ _ 0 
Живых микробов: 4
Поколение: 19

